<?xml version="1.0" encoding="UTF-8"?>
<!-- Generated by org.testng.reporters.JUnitReportReporter -->
<testsuite name="com.RedPanda.IMDB.HomePage.TC01_IMDB_TestClass" tests="1" time="5.713" ignored="0" failures="0" timestamp="15 Mar 2018 18:47:24 GMT" skipped="0" hostname="WINDOWS-MLNK3B1" errors="0">
  <testcase name="IMDB_Rating" time="5.713" classname="com.RedPanda.IMDB.HomePage.TC01_IMDB_TestClass"/>
</testsuite> <!-- com.RedPanda.IMDB.HomePage.TC01_IMDB_TestClass -->
