<?xml version="1.0" encoding="UTF-8"?>
<!-- Generated by org.testng.reporters.JUnitReportReporter -->
<testsuite name="com.RedPanda.progPckg.TestWithDifferentRecords" tests="3" time="16.922" ignored="0" failures="0" timestamp="16 May 2018 20:07:45 GMT" skipped="0" hostname="WINDOWS-MLNK3B1" errors="0">
  <testcase name="testLogin" time="5.576" classname="com.RedPanda.progPckg.TestWithDifferentRecords"/>
  <testcase name="testLogin" time="7.781" classname="com.RedPanda.progPckg.TestWithDifferentRecords"/>
  <testcase name="testLogin" time="3.565" classname="com.RedPanda.progPckg.TestWithDifferentRecords"/>
</testsuite> <!-- com.RedPanda.progPckg.TestWithDifferentRecords -->
